  Compiling CUDA source file dataTransfer.cu...
  Compiling CUDA source file particleKernel.cu...
  Compiling CUDA source file stdinclude.cu...
  Compiling CUDA source file rng.cu...
  
  C:\Users\david\OneDrive\Documents\ParticleSimCUDA>"C:\Program Files\NVIDIA GPU Computing Toolkit\CUDA\v12.5\bin\nvcc.exe" -gencode=arch=compute_52,code=\"sm_52,compute_52\" --use-local-env -ccbin "C:\Program Files\Microsoft Visual Studio\2022\Community\VC\Tools\MSVC\14.42.34433\bin\HostX64\x64" -x cu -rdc=true  -I"C:\Program Files\NVIDIA GPU Computing Toolkit\CUDA\v12.5\include" -I"C:\Program Files\NVIDIA GPU Computing Toolkit\CUDA\v12.5\include"  -G   --keep-dir ParticleSimCUDA\x64\Debug  -maxrregcount=0   --machine 64 --compile -cudart static  -g  -DWIN32 -DWIN64 -D_DEBUG -D_CONSOLE -D_MBCS -Xcompiler "/EHsc /W3 /nologo /Od /FS /Zi /RTC1 /MDd " -Xcompiler "/FdParticleSimCUDA\x64\Debug\vc143.pdb" -o C:\Users\david\OneDrive\Documents\ParticleSimCUDA\ParticleSimCUDA\x64\Debug\dataTransfer.cu.obj "C:\Users\david\OneDrive\Documents\ParticleSimCUDA\dataTransfer.cu" 
  
  C:\Users\david\OneDrive\Documents\ParticleSimCUDA>"C:\Program Files\NVIDIA GPU Computing Toolkit\CUDA\v12.5\bin\nvcc.exe" -gencode=arch=compute_52,code=\"sm_52,compute_52\" --use-local-env -ccbin "C:\Program Files\Microsoft Visual Studio\2022\Community\VC\Tools\MSVC\14.42.34433\bin\HostX64\x64" -x cu -rdc=true  -I"C:\Program Files\NVIDIA GPU Computing Toolkit\CUDA\v12.5\include" -I"C:\Program Files\NVIDIA GPU Computing Toolkit\CUDA\v12.5\include"  -G   --keep-dir ParticleSimCUDA\x64\Debug  -maxrregcount=0   --machine 64 --compile -cudart static  -g  -DWIN32 -DWIN64 -D_DEBUG -D_CONSOLE -D_MBCS -Xcompiler "/EHsc /W3 /nologo /Od /FS /Zi /RTC1 /MDd " -Xcompiler "/FdParticleSimCUDA\x64\Debug\vc143.pdb" -o C:\Users\david\OneDrive\Documents\ParticleSimCUDA\ParticleSimCUDA\x64\Debug\stdinclude.cu.obj "C:\Users\david\OneDrive\Documents\ParticleSimCUDA\stdinclude.cu" 
  
  C:\Users\david\OneDrive\Documents\ParticleSimCUDA>"C:\Program Files\NVIDIA GPU Computing Toolkit\CUDA\v12.5\bin\nvcc.exe" -gencode=arch=compute_52,code=\"sm_52,compute_52\" --use-local-env -ccbin "C:\Program Files\Microsoft Visual Studio\2022\Community\VC\Tools\MSVC\14.42.34433\bin\HostX64\x64" -x cu -rdc=true  -I"C:\Program Files\NVIDIA GPU Computing Toolkit\CUDA\v12.5\include" -I"C:\Program Files\NVIDIA GPU Computing Toolkit\CUDA\v12.5\include"  -G   --keep-dir ParticleSimCUDA\x64\Debug  -maxrregcount=0   --machine 64 --compile -cudart static  -g  -DWIN32 -DWIN64 -D_DEBUG -D_CONSOLE -D_MBCS -Xcompiler "/EHsc /W3 /nologo /Od /FS /Zi /RTC1 /MDd " -Xcompiler "/FdParticleSimCUDA\x64\Debug\vc143.pdb" -o C:\Users\david\OneDrive\Documents\ParticleSimCUDA\ParticleSimCUDA\x64\Debug\rng.cu.obj "C:\Users\david\OneDrive\Documents\ParticleSimCUDA\rng.cu" 
  
  C:\Users\david\OneDrive\Documents\ParticleSimCUDA>"C:\Program Files\NVIDIA GPU Computing Toolkit\CUDA\v12.5\bin\nvcc.exe" -gencode=arch=compute_52,code=\"sm_52,compute_52\" --use-local-env -ccbin "C:\Program Files\Microsoft Visual Studio\2022\Community\VC\Tools\MSVC\14.42.34433\bin\HostX64\x64" -x cu -rdc=true  -I"C:\Program Files\NVIDIA GPU Computing Toolkit\CUDA\v12.5\include" -I"C:\Program Files\NVIDIA GPU Computing Toolkit\CUDA\v12.5\include"  -G   --keep-dir ParticleSimCUDA\x64\Debug  -maxrregcount=0   --machine 64 --compile -cudart static  -g  -DWIN32 -DWIN64 -D_DEBUG -D_CONSOLE -D_MBCS -Xcompiler "/EHsc /W3 /nologo /Od /FS /Zi /RTC1 /MDd " -Xcompiler "/FdParticleSimCUDA\x64\Debug\vc143.pdb" -o C:\Users\david\OneDrive\Documents\ParticleSimCUDA\ParticleSimCUDA\x64\Debug\particleKernel.cu.obj "C:\Users\david\OneDrive\Documents\ParticleSimCUDA\particleKernel.cu" 
C:\Users\david\OneDrive\Documents\ParticleSimCUDA\dataTransfer.cuh(1): warning #14-D: extra text after expected end of preprocessing directive
    #pragma once;
                ^
  
  Remark: The warnings can be suppressed with "-diag-suppress <warning-number>"
  
C:\Users\david\OneDrive\Documents\ParticleSimCUDA\stdinclude.cuh(1): warning #14-D: extra text after expected end of preprocessing directive
    #pragma once;
                ^
  
C:\Users\david\OneDrive\Documents\ParticleSimCUDA\stdinclude.cuh(1): warning #14-D: extra text after expected end of preprocessing directive
    #pragma once;
                ^
  
  Remark: The warnings can be suppressed with "-diag-suppress <warning-number>"
  
C:\Users\david\OneDrive\Documents\ParticleSimCUDA\rng.cuh(1): warning #14-D: extra text after expected end of preprocessing directive
    #pragma once;
                ^
  
  Remark: The warnings can be suppressed with "-diag-suppress <warning-number>"
  
C:\Users\david\OneDrive\Documents\ParticleSimCUDA\stdinclude.cuh(1): warning #14-D: extra text after expected end of preprocessing directive
    #pragma once;
                ^
  
C:\Users\david\OneDrive\Documents\ParticleSimCUDA\particleKernel.cuh(1): warning #14-D: extra text after expected end of preprocessing directive
    #pragma once;
                ^
  
  Remark: The warnings can be suppressed with "-diag-suppress <warning-number>"
  
C:\Users\david\OneDrive\Documents\ParticleSimCUDA\stdinclude.cuh(1): warning #14-D: extra text after expected end of preprocessing directive
    #pragma once;
                ^
  
C:\Users\david\OneDrive\Documents\ParticleSimCUDA\particleStructs.cuh(1): warning #14-D: extra text after expected end of preprocessing directive
    #pragma once;
                ^
  
C:\Users\david\OneDrive\Documents\ParticleSimCUDA\stdlistCU.cuh(2): warning #14-D: extra text after expected end of preprocessing directive
    #pragma once;
                ^
  
C:\Users\david\OneDrive\Documents\ParticleSimCUDA\stdinclude.cuh(1): warning #14-D: extra text after expected end of preprocessing directive
    #pragma once;
                ^
C:\Users\david\OneDrive\Documents\ParticleSimCUDA\dataTransfer.cuh(1): warning #14-D: extra text after expected end of preprocessing directive
    #pragma once;
  
                ^
  Remark: The warnings can be suppressed with "-diag-suppress <warning-number>"
  
  
  Remark: The warnings can be suppressed with "-diag-suppress <warning-number>"
  
C:\Users\david\OneDrive\Documents\ParticleSimCUDA\stdinclude.cuh(1): warning #14-D: extra text after expected end of preprocessing directive
    #pragma once;
                ^
  
C:\Users\david\OneDrive\Documents\ParticleSimCUDA\rng.cuh(1): warning #14-D: extra text after expected end of preprocessing directive
    #pragma once;
                ^
  
  Remark: The warnings can be suppressed with "-diag-suppress <warning-number>"
  
C:\Users\david\OneDrive\Documents\ParticleSimCUDA\stdinclude.cuh(1): warning #14-D: extra text after expected end of preprocessing directive
    #pragma once;
                ^
  
C:\Users\david\OneDrive\Documents\ParticleSimCUDA\particleKernel.cuh(1): warning #14-D: extra text after expected end of preprocessing directive
    #pragma once;
                ^
  
  Remark: The warnings can be suppressed with "-diag-suppress <warning-number>"
  
C:\Users\david\OneDrive\Documents\ParticleSimCUDA\stdinclude.cuh(1): warning #14-D: extra text after expected end of preprocessing directive
    #pragma once;
                ^
  
C:\Users\david\OneDrive\Documents\ParticleSimCUDA\particleStructs.cuh(1): warning #14-D: extra text after expected end of preprocessing directive
    #pragma once;
                ^
  
C:\Users\david\OneDrive\Documents\ParticleSimCUDA\stdlistCU.cuh(2): warning #14-D: extra text after expected end of preprocessing directive
    #pragma once;
                ^
  
C:\Users\david\OneDrive\Documents\ParticleSimCUDA\stdlistCU.cuh(212): warning #940-D: missing return statement at end of non-void function "setElementCU"
    }
    ^
  
C:\Users\david\OneDrive\Documents\ParticleSimCUDA\particleKernel.cu(34): warning #177-D: variable "p" was declared but never referenced
    	const particle p = ((particle*)particles)[id];
    	               ^
  
  stdinclude.cu
  dataTransfer.cu
  rng.cu
  particleKernel.cu
  tmpxft_0000903c_00000000-7_stdinclude.cudafe1.cpp
  tmpxft_00008d58_00000000-7_dataTransfer.cudafe1.cpp
  tmpxft_00007dac_00000000-7_rng.cudafe1.cpp
  tmpxft_00007898_00000000-7_particleKernel.cudafe1.cpp
  main.cpp
C:\Users\david\OneDrive\Documents\ParticleSimCUDA\dataTransfer.cuh(1,13): warning C4081: expected 'newline'; found ';'
  (compiling source file 'main.cpp')
  
C:\Users\david\OneDrive\Documents\ParticleSimCUDA\stdinclude.cuh(1,13): warning C4081: expected 'newline'; found ';'
  (compiling source file 'main.cpp')
  
C:\Users\david\OneDrive\Documents\ParticleSimCUDA\particleKernel.cuh(1,13): warning C4081: expected 'newline'; found ';'
  (compiling source file 'main.cpp')
  
C:\Users\david\OneDrive\Documents\ParticleSimCUDA\rng.cuh(1,13): warning C4081: expected 'newline'; found ';'
  (compiling source file 'main.cpp')
  
  
  C:\Users\david\OneDrive\Documents\ParticleSimCUDA>"C:\Program Files\NVIDIA GPU Computing Toolkit\CUDA\v12.5\bin\nvcc.exe" -dlink  -o ParticleSimCUDA\x64\Debug\ParticleSimCUDA.device-link.obj -Xcompiler "/EHsc /W3 /nologo /Od /Zi /RTC1 /MDd " -Xcompiler "/FdParticleSimCUDA\x64\Debug\vc143.pdb" -L"C:\Program Files\NVIDIA GPU Computing Toolkit\CUDA\v12.5\bin/crt" -L"C:\Program Files\NVIDIA GPU Computing Toolkit\CUDA\v12.5\lib\x64" cudart_static.lib kernel32.lib user32.lib gdi32.lib winspool.lib comdlg32.lib advapi32.lib shell32.lib ole32.lib oleaut32.lib uuid.lib odbc32.lib odbccp32.lib SDL3.lib SDL3_test.lib cudart.lib cudadevrt.lib  -gencode=arch=compute_52,code=sm_52 -G  C:\Users\david\OneDrive\Documents\ParticleSimCUDA\ParticleSimCUDA\x64\Debug\dataTransfer.cu.obj C:\Users\david\OneDrive\Documents\ParticleSimCUDA\ParticleSimCUDA\x64\Debug\rng.cu.obj C:\Users\david\OneDrive\Documents\ParticleSimCUDA\ParticleSimCUDA\x64\Debug\stdinclude.cu.obj C:\Users\david\OneDrive\Documents\ParticleSimCUDA\ParticleSimCUDA\x64\Debug\particleKernel.cu.obj 
  cudart_static.lib
  kernel32.lib
  user32.lib
  gdi32.lib
  winspool.lib
  comdlg32.lib
  advapi32.lib
  shell32.lib
  ole32.lib
  oleaut32.lib
  uuid.lib
  odbc32.lib
  odbccp32.lib
  SDL3.lib
  SDL3_test.lib
  cudart.lib
  cudadevrt.lib
  dataTransfer.cu.obj
  rng.cu.obj
  stdinclude.cu.obj
  particleKernel.cu.obj
     Creating library C:\Users\david\OneDrive\Documents\ParticleSimCUDA\x64\Debug\ParticleSimCUDA.lib and object C:\Users\david\OneDrive\Documents\ParticleSimCUDA\x64\Debug\ParticleSimCUDA.exp
LINK : warning LNK4098: defaultlib 'LIBCMT' conflicts with use of other libs; use /NODEFAULTLIB:library
  ParticleSimCUDA.vcxproj -> C:\Users\david\OneDrive\Documents\ParticleSimCUDA\x64\Debug\ParticleSimCUDA.exe
